<?xml version="1.0" encoding="utf-8"?><testsuites name="pytest tests"><testsuite name="pytest" errors="0" failures="0" skipped="3" tests="79" time="3.493" timestamp="2026-09-10T18:54:03.636301+00:00" hostname="localhost"><testcase classname="backend.tests.test_agent_workflow" name="test_reference_scenarios[\u628a\u201c\u8bf7\u5c3d\u5feb\u5904\u7406\u9000\u6b3e\u201d\u6539\u5199\u5f97\u66f4\u793c\u8c8c\u3002-direct-0]" time="0.143" /><testcase classname="backend.tests.test_agent_workflow" name="test_reference_scenarios[\u84dd\u9cb8\u79d1\u6280\u73b0\u5728\u7684\u9000\u6b3e\u91d1\u989d\u8d85\u8fc7\u591a\u5c11\u5143\u9700\u8981\u4eba\u5de5\u5ba1\u6838\uff1f-answered-1]" time="0.050" /><testcase classname="backend.tests.test_agent_workflow" name="test_reference_scenarios[\u8ba2\u5355 A2026 \u7684\u5496\u5561\u673a\u9000\u6b3e\u91d1\u989d\u662f 3500 \u5143\uff0c\u9700\u8981\u4eba\u5de5\u5ba1\u6838\u5417\uff1f\u51c6\u5907\u6750\u6599\u65f6\u8fd8\u8981\u6ce8\u610f\u4ec0\u4e48\uff1f-answered-2]" time="0.053" /><testcase classname="backend.tests.test_agent_workflow" name="test_reference_scenarios[\u6211\u7684\u5496\u5561\u673a\u60f3\u7533\u8bf7\u9000\u6b3e\uff0c\u9700\u8981\u4eba\u5de5\u5ba1\u6838\u5417\uff1f-clarify-0]" time="0.051" /><testcase classname="backend.tests.test_agent_workflow" name="test_reference_scenarios[\u84dd\u9cb8\u79d1\u6280\u7684\u5496\u5561\u673a\u662f\u5426\u63d0\u4f9b\u7ec8\u8eab\u514d\u8d39\u4e0a\u95e8\u4fdd\u517b\uff1f-refused-1]" time="0.051" /><testcase classname="backend.tests.test_agent_workflow" name="test_additional_search_only_for_missing_type" time="0.056" /><testcase classname="backend.tests.test_agent_workflow" name="test_search_budget_stops_partial_answer" time="0.055" /><testcase classname="backend.tests.test_agent_workflow" name="test_expired_evidence_never_enters_generation" time="0.019" /><testcase classname="backend.tests.test_agent_workflow" name="test_future_evidence_not_usable" time="0.016" /><testcase classname="backend.tests.test_agent_workflow" name="test_source_ids_cannot_be_invented" time="0.065" /><testcase classname="backend.tests.test_agent_workflow" name="test_citations_must_cover_all_required_evidence" time="0.051" /><testcase classname="backend.tests.test_agent_workflow" name="test_changed_source_rechecked_after_generation" time="0.050" /><testcase classname="backend.tests.test_agent_workflow" name="test_provider_failure_is_sanitized_and_trace_persisted" time="0.057" /><testcase classname="backend.tests.test_agent_workflow" name="test_search_tool_cannot_accept_a_client_principal" time="0.048" /><testcase classname="backend.tests.test_agent_workflow" name="test_no_permission_is_not_a_license_to_use_other_tenant" time="0.054" /><testcase classname="backend.tests.test_agent_workflow" name="test_local_threshold_uses_current_corpus_not_a_hardcoded_answer" time="0.052" /><testcase classname="backend.tests.test_agent_workflow" name="test_single_search_does_not_reembed_documents" time="0.046" /><testcase classname="backend.tests.test_agent_workflow" name="test_one_source_can_cover_two_required_evidence_types" time="0.052" /><testcase classname="backend.tests.test_agent_workflow" name="test_failure_after_retrieval_retains_completed_trace_stages" time="0.062" /><testcase classname="backend.tests.test_agent_workflow" name="test_corrupt_index_result_blocked_before_remote_reranking" time="0.050" /><testcase classname="backend.tests.test_api_security" name="test_health_and_missing_credentials" time="0.163" /><testcase classname="backend.tests.test_api_security" name="test_principal_resolved_by_server_not_body" time="0.076" /><testcase classname="backend.tests.test_api_security" name="test_config_does_not_expose_secrets" time="0.070" /><testcase classname="backend.tests.test_api_security" name="test_employee_cannot_maintain_or_audit_admin_data[post-/api/documents-body0]" time="0.089" /><testcase classname="backend.tests.test_api_security" name="test_employee_cannot_maintain_or_audit_admin_data[put-/api/documents/company-refund-body1]" time="0.089" /><testcase classname="backend.tests.test_api_security" name="test_employee_cannot_maintain_or_audit_admin_data[delete-/api/documents/company-refund?expected_version=1-None]" time="0.074" /><testcase classname="backend.tests.test_api_security" name="test_employee_cannot_maintain_or_audit_admin_data[post-/api/evaluate-body3]" time="0.091" /><testcase classname="backend.tests.test_api_security" name="test_employee_cannot_maintain_or_audit_admin_data[get-/api/documents/company-refund/versions-None]" time="0.082" /><testcase classname="backend.tests.test_api_security" name="test_private_sources_hidden_across_department_and_tenant" time="0.098" /><testcase classname="backend.tests.test_api_security" name="test_trace_is_private_and_revalidates_revoked_sources" time="0.109" /><testcase classname="backend.tests.test_api_security" name="test_markdown_upload_and_source_binding" time="0.078" /><testcase classname="backend.tests.test_api_security" name="test_unsupported_spreadsheet_upload_rejected" time="0.069" /><testcase classname="backend.tests.test_api_security" name="test_bad_dates_and_optimistic_version_validation" time="0.076" /><testcase classname="backend.tests.test_api_security" name="test_bundled_regression_is_a_measured_run" time="0.095" /><testcase classname="backend.tests.test_api_security" name="test_upload_body_limit" time="0.068" /><testcase classname="backend.tests.test_api_security" name="test_response_security_headers" time="0.082" /><testcase classname="backend.tests.test_api_security" name="test_compiled_client_is_served_by_the_same_app" time="0.102" /><testcase classname="backend.tests.test_documents" name="test_normalized_duplicate_skips_embedding" time="0.015" /><testcase classname="backend.tests.test_documents" name="test_metadata_change_is_not_skipped" time="0.019" /><testcase classname="backend.tests.test_documents" name="test_version_replacement_and_historical_source" time="0.019" /><testcase classname="backend.tests.test_documents" name="test_reverting_to_old_content_creates_new_revision" time="0.019" /><testcase classname="backend.tests.test_documents" name="test_failed_vector_stage_keeps_old_revision_active" time="0.017" /><testcase classname="backend.tests.test_documents" name="test_optimistic_lock_conflict_and_no_state_corruption" time="0.015" /><testcase classname="backend.tests.test_documents" name="test_concurrent_same_version_has_exactly_one_winner" time="0.022" /><testcase classname="backend.tests.test_documents" name="test_soft_delete_removes_all_retrieval_paths" time="0.019" /><testcase classname="backend.tests.test_documents" name="test_seed_does_not_reactivate_deleted_or_overwrite_updated" time="0.061" /><testcase classname="backend.tests.test_documents" name="test_department_and_tenant_scope_are_checked_before_retrieval" time="0.051" /><testcase classname="backend.tests.test_documents" name="test_heading_paths_and_bounded_chunk_overlap" time="0.018" /><testcase classname="backend.tests.test_documents" name="test_heading_only_document_is_not_published" time="0.011" /><testcase classname="backend.tests.test_documents" name="test_invalid_or_inactive_dates_fail_closed[2026-01-01T00:00:00-None]" time="0.001" /><testcase classname="backend.tests.test_documents" name="test_invalid_or_inactive_dates_fail_closed[2099-01-01T00:00:00Z-None]" time="0.001" /><testcase classname="backend.tests.test_documents" name="test_invalid_or_inactive_dates_fail_closed[2020-01-01T00:00:00Z-2020-02-01T00:00:00Z]" time="0.001" /><testcase classname="backend.tests.test_documents" name="test_invalid_or_inactive_dates_fail_closed[invalid-None]" time="0.001" /><testcase classname="backend.tests.test_documents" name="test_index_configuration_change_is_explicit" time="0.009" /><testcase classname="backend.tests.test_documents" name="test_cross_tenant_source_and_history_not_found" time="0.050" /><testcase classname="backend.tests.test_integrations" name="test_langgraph_runs_the_same_real_retrieval_nodes" time="0.057"><skipped type="pytest.skip" message="Optional LangGraph SDK is not installed">/mnt/data/ragops-studio-v0.2/backend/tests/test_integrations.py:10: Optional LangGraph SDK is not installed</skipped></testcase><testcase classname="backend.tests.test_integrations" name="test_live_milvus_native_hybrid_acl" time="0.002"><skipped type="pytest.skip" message="Set RUN_MILVUS_TESTS=1 with a running Milvus 2.6 instance">/mnt/data/ragops-studio-v0.2/backend/tests/test_integrations.py:21: Set RUN_MILVUS_TESTS=1 with a running Milvus 2.6 instance</skipped></testcase><testcase classname="backend.tests.test_integrations" name="test_live_zhipu_embeddings_rerank_and_chat" time="0.001"><skipped type="pytest.skip" message="Set RUN_ZHIPU_TESTS=1 and configure valid Zhipu model access; API calls incur cost">/mnt/data/ragops-studio-v0.2/backend/tests/test_integrations.py:41: Set RUN_ZHIPU_TESTS=1 and configure valid Zhipu model access; API calls incur cost</skipped></testcase><testcase classname="backend.tests.test_provider_contracts" name="test_rate_limit_retry_is_bounded_and_authorized" time="0.002" /><testcase classname="backend.tests.test_provider_contracts" name="test_failure_never_exposes_provider_body[401-1]" time="0.001" /><testcase classname="backend.tests.test_provider_contracts" name="test_failure_never_exposes_provider_body[403-1]" time="0.001" /><testcase classname="backend.tests.test_provider_contracts" name="test_failure_never_exposes_provider_body[429-3]" time="0.002" /><testcase classname="backend.tests.test_provider_contracts" name="test_failure_never_exposes_provider_body[500-3]" time="0.002" /><testcase classname="backend.tests.test_provider_contracts" name="test_timeout_is_bounded" time="0.001" /><testcase classname="backend.tests.test_provider_contracts" name="test_embedding_response_order_is_restored" time="0.002" /><testcase classname="backend.tests.test_provider_contracts" name="test_malformed_embeddings_fail_closed[response0]" time="0.002" /><testcase classname="backend.tests.test_provider_contracts" name="test_malformed_embeddings_fail_closed[response1]" time="0.002" /><testcase classname="backend.tests.test_provider_contracts" name="test_malformed_embeddings_fail_closed[response2]" time="0.002" /><testcase classname="backend.tests.test_provider_contracts" name="test_malformed_embeddings_fail_closed[response3]" time="0.002" /><testcase classname="backend.tests.test_provider_contracts" name="test_malformed_chat_json_is_a_provider_error" time="0.002" /><testcase classname="backend.tests.test_provider_contracts" name="test_model_cannot_request_unknown_evidence_types" time="0.002" /><testcase classname="backend.tests.test_provider_contracts" name="test_reranker_rejects_invalid_indexes" time="0.028" /><testcase classname="backend.tests.test_provider_contracts" name="test_rerank_request_uses_only_authorized_candidates" time="0.050" /><testcase classname="backend.tests.test_retrieval_primitives" name="test_bm25_ranks_matching_source_before_unrelated_source" time="0.001" /><testcase classname="backend.tests.test_retrieval_primitives" name="test_rrf_uses_both_rankings" time="0.000" /><testcase classname="backend.tests.test_retrieval_primitives" name="test_document_level_metrics" time="0.000" /><testcase classname="backend.tests.test_retrieval_primitives" name="test_filter_values_are_quoted_not_interpolated_as_expressions" time="0.000" /><testcase classname="backend.tests.test_retrieval_primitives" name="test_text_parser_supports_utf8_and_rejects_bad_content" time="0.001" /><testcase classname="backend.tests.test_retrieval_primitives" name="test_unsupported_legacy_doc_is_not_silently_treated_as_docx" time="0.001" /></testsuite></testsuites>